# JRE version: OpenJDK Runtime Environment Temurin-17.0.11+9 (17.0.11+9) (build 17.0.11+9)
# Java VM: OpenJDK 64-Bit Server VM Temurin-17.0.11+9 (17.0.11+9, mixed mode, tiered, compressed oops, compressed class ptrs, parallel gc, windows-amd64)
GC Precious Log:
 CPUs: 4 total, 4 available
 Memory: 8073M
 Large Page Support: Disabled
 NUMA Support: Disabled
 Compressed Oops: Enabled (32-bit)
 Alignments: Space 512K, Generation 512K, Heap 2M
 Heap Min Capacity: 100M
 Heap Initial Capacity: 100M
 Heap Max Capacity: 1G
 Pre-touch: Disabled
 Parallel Workers: 4
Heap:
 PSYoungGen      total 7680K, used 5098K [0x00000000eab00000, 0x00000000ec580000, 0x0000000100000000)
  eden space 2560K, 0% used [0x00000000eab00000,0x00000000eab00000,0x00000000ead80000)
  from space 5120K, 99% used [0x00000000eb700000,0x00000000ebbfaa20,0x00000000ebc00000)
  to   space 9728K, 0% used [0x00000000ead80000,0x00000000ead80000,0x00000000eb700000)
 ParOldGen       total 309248K, used 305246K [0x00000000c0000000, 0x00000000d2e00000, 0x00000000eab00000)
  object space 309248K, 98% used [0x00000000c0000000,0x00000000d2a17870,0x00000000d2e00000)
 Metaspace       used 109563K, committed 111040K, reserved 1179648K
  class space    used 10850K, committed 11456K, reserved 1048576K
GC Heap History (20 events):
Event: 4759.521 GC heap after
{Heap after GC invocations=7372 (full 134):
 PSYoungGen      total 5632K, used 496K [0x00000000eab00000, 0x00000000eb200000, 0x0000000100000000)
  eden space 5120K, 0% used [0x00000000eab00000,0x00000000eab00000,0x00000000eb000000)
  from space 512K, 96% used [0x00000000eb080000,0x00000000eb0fc010,0x00000000eb100000)
  to   space 1024K, 0% used [0x00000000eb100000,0x00000000eb100000,0x00000000eb200000)
 ParOldGen       total 309248K, used 288508K [0x00000000c0000000, 0x00000000d2e00000, 0x00000000eab00000)
  object space 309248K, 93% used [0x00000000c0000000,0x00000000d19bf080,0x00000000d2e00000)
 Metaspace       used 109562K, committed 111040K, reserved 1179648K
  class space    used 10850K, committed 11456K, reserved 1048576K
}
Event: 4760.074 GC heap before
{Heap before GC invocations=7373 (full 134):
 PSYoungGen      total 5632K, used 5616K [0x00000000eab00000, 0x00000000eb200000, 0x0000000100000000)
  eden space 5120K, 100% used [0x00000000eab00000,0x00000000eb000000,0x00000000eb000000)
  from space 512K, 96% used [0x00000000eb080000,0x00000000eb0fc010,0x00000000eb100000)
  to   space 1024K, 0% used [0x00000000eb100000,0x00000000eb100000,0x00000000eb200000)
 ParOldGen       total 309248K, used 288508K [0x00000000c0000000, 0x00000000d2e00000, 0x00000000eab00000)
  object space 309248K, 93% used [0x00000000c0000000,0x00000000d19bf080,0x00000000d2e00000)
 Metaspace       used 109562K, committed 111040K, reserved 1179648K
  class space    used 10850K, committed 11456K, reserved 1048576K
}
Event: 4760.078 GC heap after
{Heap after GC invocations=7373 (full 134):
 PSYoungGen      total 6144K, used 884K [0x00000000eab00000, 0x00000000eb200000, 0x0000000100000000)
  eden space 5120K, 0% used [0x00000000eab00000,0x00000000eab00000,0x00000000eb000000)
  from space 1024K, 86% used [0x00000000eb100000,0x00000000eb1dd220,0x00000000eb200000)
  to   space 1024K, 0% used [0x00000000eb000000,0x00000000eb000000,0x00000000eb100000)
 ParOldGen       total 309248K, used 289036K [0x00000000c0000000, 0x00000000d2e00000, 0x00000000eab00000)
  object space 309248K, 93% used [0x00000000c0000000,0x00000000d1a430c0,0x00000000d2e00000)
 Metaspace       used 109562K, committed 111040K, reserved 1179648K
  class space    used 10850K, committed 11456K, reserved 1048576K
}
Event: 4760.879 GC heap before
{Heap before GC invocations=7374 (full 134):
 PSYoungGen      total 6144K, used 6004K [0x00000000eab00000, 0x00000000eb200000, 0x0000000100000000)
  eden space 5120K, 99% used [0x00000000eab00000,0x00000000eafffff0,0x00000000eb000000)
  from space 1024K, 86% used [0x00000000eb100000,0x00000000eb1dd220,0x00000000eb200000)
  to   space 1024K, 0% used [0x00000000eb000000,0x00000000eb000000,0x00000000eb100000)
 ParOldGen       total 309248K, used 289036K [0x00000000c0000000, 0x00000000d2e00000, 0x00000000eab00000)
  object space 309248K, 93% used [0x00000000c0000000,0x00000000d1a430c0,0x00000000d2e00000)
 Metaspace       used 109563K, committed 111040K, reserved 1179648K
  class space    used 10850K, committed 11456K, reserved 1048576K
}
Event: 4760.883 GC heap after
{Heap after GC invocations=7374 (full 134):
 PSYoungGen      total 6144K, used 580K [0x00000000eab00000, 0x00000000eb200000, 0x0000000100000000)
  eden space 5120K, 0% used [0x00000000eab00000,0x00000000eab00000,0x00000000eb000000)
  from space 1024K, 56% used [0x00000000eb000000,0x00000000eb091230,0x00000000eb100000)
  to   space 1024K, 0% used [0x00000000eb100000,0x00000000eb100000,0x00000000eb200000)
 ParOldGen       total 309248K, used 289832K [0x00000000c0000000, 0x00000000d2e00000, 0x00000000eab00000)
  object space 309248K, 93% used [0x00000000c0000000,0x00000000d1b0a320,0x00000000d2e00000)
 Metaspace       used 109563K, committed 111040K, reserved 1179648K
  class space    used 10850K, committed 11456K, reserved 1048576K
}
Event: 4761.266 GC heap before
{Heap before GC invocations=7375 (full 134):
 PSYoungGen      total 6144K, used 5700K [0x00000000eab00000, 0x00000000eb200000, 0x0000000100000000)
  eden space 5120K, 100% used [0x00000000eab00000,0x00000000eb000000,0x00000000eb000000)
  from space 1024K, 56% used [0x00000000eb000000,0x00000000eb091230,0x00000000eb100000)
  to   space 1024K, 0% used [0x00000000eb100000,0x00000000eb100000,0x00000000eb200000)
 ParOldGen       total 309248K, used 289832K [0x00000000c0000000, 0x00000000d2e00000, 0x00000000eab00000)
  object space 309248K, 93% used [0x00000000c0000000,0x00000000d1b0a320,0x00000000d2e00000)
 Metaspace       used 109563K, committed 111040K, reserved 1179648K
  class space    used 10850K, committed 11456K, reserved 1048576K
}
Event: 4761.270 GC heap after
{Heap after GC invocations=7375 (full 134):
 PSYoungGen      total 6144K, used 794K [0x00000000eab00000, 0x00000000eb200000, 0x0000000100000000)
  eden space 5120K, 0% used [0x00000000eab00000,0x00000000eab00000,0x00000000eb000000)
  from space 1024K, 77% used [0x00000000eb100000,0x00000000eb1c6900,0x00000000eb200000)
  to   space 1024K, 0% used [0x00000000eb000000,0x00000000eb000000,0x00000000eb100000)
 ParOldGen       total 309248K, used 290333K [0x00000000c0000000, 0x00000000d2e00000, 0x00000000eab00000)
  object space 309248K, 93% used [0x00000000c0000000,0x00000000d1b87560,0x00000000d2e00000)
 Metaspace       used 109563K, committed 111040K, reserved 1179648K
  class space    used 10850K, committed 11456K, reserved 1048576K
}
Event: 4761.310 GC heap before
{Heap before GC invocations=7376 (full 134):
 PSYoungGen      total 6144K, used 5914K [0x00000000eab00000, 0x00000000eb200000, 0x0000000100000000)
  eden space 5120K, 100% used [0x00000000eab00000,0x00000000eb000000,0x00000000eb000000)
  from space 1024K, 77% used [0x00000000eb100000,0x00000000eb1c6900,0x00000000eb200000)
  to   space 1024K, 0% used [0x00000000eb000000,0x00000000eb000000,0x00000000eb100000)
 ParOldGen       total 309248K, used 290333K [0x00000000c0000000, 0x00000000d2e00000, 0x00000000eab00000)
  object space 309248K, 93% used [0x00000000c0000000,0x00000000d1b87560,0x00000000d2e00000)
 Metaspace       used 109563K, committed 111040K, reserved 1179648K
  class space    used 10850K, committed 11456K, reserved 1048576K
}
Event: 4761.315 GC heap after
{Heap after GC invocations=7376 (full 134):
 PSYoungGen      total 6144K, used 474K [0x00000000eab00000, 0x00000000eb200000, 0x0000000100000000)
  eden space 5120K, 0% used [0x00000000eab00000,0x00000000eab00000,0x00000000eb000000)
  from space 1024K, 46% used [0x00000000eb000000,0x00000000eb076900,0x00000000eb100000)
  to   space 1024K, 0% used [0x00000000eb100000,0x00000000eb100000,0x00000000eb200000)
 ParOldGen       total 309248K, used 290725K [0x00000000c0000000, 0x00000000d2e00000, 0x00000000eab00000)
  object space 309248K, 94% used [0x00000000c0000000,0x00000000d1be9580,0x00000000d2e00000)
 Metaspace       used 109563K, committed 111040K, reserved 1179648K
  class space    used 10850K, committed 11456K, reserved 1048576K
}
Event: 4761.836 GC heap before
{Heap before GC invocations=7377 (full 134):
 PSYoungGen      total 6144K, used 5594K [0x00000000eab00000, 0x00000000eb200000, 0x0000000100000000)
  eden space 5120K, 100% used [0x00000000eab00000,0x00000000eb000000,0x00000000eb000000)
  from space 1024K, 46% used [0x00000000eb000000,0x00000000eb076900,0x00000000eb100000)
  to   space 1024K, 0% used [0x00000000eb100000,0x00000000eb100000,0x00000000eb200000)
 ParOldGen       total 309248K, used 290725K [0x00000000c0000000, 0x00000000d2e00000, 0x00000000eab00000)
  object space 309248K, 94% used [0x00000000c0000000,0x00000000d1be9580,0x00000000d2e00000)
 Metaspace       used 109563K, committed 111040K, reserved 1179648K
  class space    used 10850K, committed 11456K, reserved 1048576K
}
Event: 4761.839 GC heap after
{Heap after GC invocations=7377 (full 134):
 PSYoungGen      total 5632K, used 1020K [0x00000000eab00000, 0x00000000eb300000, 0x0000000100000000)
  eden space 4608K, 0% used [0x00000000eab00000,0x00000000eab00000,0x00000000eaf80000)
  from space 1024K, 99% used [0x00000000eb100000,0x00000000eb1ff178,0x00000000eb200000)
  to   space 1536K, 0% used [0x00000000eaf80000,0x00000000eaf80000,0x00000000eb100000)
 ParOldGen       total 309248K, used 291273K [0x00000000c0000000, 0x00000000d2e00000, 0x00000000eab00000)
  object space 309248K, 94% used [0x00000000c0000000,0x00000000d1c726f8,0x00000000d2e00000)
 Metaspace       used 109563K, committed 111040K, reserved 1179648K
  class space    used 10850K, committed 11456K, reserved 1048576K
}
Event: 4761.853 GC heap before
{Heap before GC invocations=7378 (full 134):
 PSYoungGen      total 5632K, used 5628K [0x00000000eab00000, 0x00000000eb300000, 0x0000000100000000)
  eden space 4608K, 99% used [0x00000000eab00000,0x00000000eaf7ffd8,0x00000000eaf80000)
  from space 1024K, 99% used [0x00000000eb100000,0x00000000eb1ff178,0x00000000eb200000)
  to   space 1536K, 0% used [0x00000000eaf80000,0x00000000eaf80000,0x00000000eb100000)
 ParOldGen       total 309248K, used 291273K [0x00000000c0000000, 0x00000000d2e00000, 0x00000000eab00000)
  object space 309248K, 94% used [0x00000000c0000000,0x00000000d1c726f8,0x00000000d2e00000)
 Metaspace       used 109563K, committed 111040K, reserved 1179648K
  class space    used 10850K, committed 11456K, reserved 1048576K
}
Event: 4761.859 GC heap after
{Heap after GC invocations=7378 (full 134):
 PSYoungGen      total 6144K, used 1532K [0x00000000eab00000, 0x00000000ebc80000, 0x0000000100000000)
  eden space 4608K, 0% used [0x00000000eab00000,0x00000000eab00000,0x00000000eaf80000)
  from space 1536K, 99% used [0x00000000eaf80000,0x00000000eb0ff178,0x00000000eb100000)
  to   space 6656K, 0% used [0x00000000eb600000,0x00000000eb600000,0x00000000ebc80000)
 ParOldGen       total 309248K, used 295217K [0x00000000c0000000, 0x00000000d2e00000, 0x00000000eab00000)
  object space 309248K, 95% used [0x00000000c0000000,0x00000000d204c6f8,0x00000000d2e00000)
 Metaspace       used 109563K, committed 111040K, reserved 1179648K
  class space    used 10850K, committed 11456K, reserved 1048576K
}
Event: 4761.875 GC heap before
{Heap before GC invocations=7379 (full 134):
 PSYoungGen      total 6144K, used 6140K [0x00000000eab00000, 0x00000000ebc80000, 0x0000000100000000)
  eden space 4608K, 100% used [0x00000000eab00000,0x00000000eaf80000,0x00000000eaf80000)
  from space 1536K, 99% used [0x00000000eaf80000,0x00000000eb0ff178,0x00000000eb100000)
  to   space 6656K, 0% used [0x00000000eb600000,0x00000000eb600000,0x00000000ebc80000)
 ParOldGen       total 309248K, used 295217K [0x00000000c0000000, 0x00000000d2e00000, 0x00000000eab00000)
  object space 309248K, 95% used [0x00000000c0000000,0x00000000d204c6f8,0x00000000d2e00000)
 Metaspace       used 109563K, committed 111040K, reserved 1179648K
  class space    used 10850K, committed 11456K, reserved 1048576K
}
Event: 4761.882 GC heap after
{Heap after GC invocations=7379 (full 134):
 PSYoungGen      total 10752K, used 4640K [0x00000000eab00000, 0x00000000ebb00000, 0x0000000100000000)
  eden space 5632K, 0% used [0x00000000eab00000,0x00000000eab00000,0x00000000eb080000)
  from space 5120K, 90% used [0x00000000eb600000,0x00000000eba88000,0x00000000ebb00000)
  to   space 5120K, 0% used [0x00000000eb100000,0x00000000eb100000,0x00000000eb600000)
 ParOldGen       total 309248K, used 296774K [0x00000000c0000000, 0x00000000d2e00000, 0x00000000eab00000)
  object space 309248K, 95% used [0x00000000c0000000,0x00000000d21d1870,0x00000000d2e00000)
 Metaspace       used 109563K, committed 111040K, reserved 1179648K
  class space    used 10850K, committed 11456K, reserved 1048576K
}
Event: 4761.920 GC heap before
{Heap before GC invocations=7380 (full 134):
 PSYoungGen      total 10752K, used 10272K [0x00000000eab00000, 0x00000000ebb00000, 0x0000000100000000)
  eden space 5632K, 100% used [0x00000000eab00000,0x00000000eb080000,0x00000000eb080000)
  from space 5120K, 90% used [0x00000000eb600000,0x00000000eba88000,0x00000000ebb00000)
  to   space 5120K, 0% used [0x00000000eb100000,0x00000000eb100000,0x00000000eb600000)
 ParOldGen       total 309248K, used 296774K [0x00000000c0000000, 0x00000000d2e00000, 0x00000000eab00000)
  object space 309248K, 95% used [0x00000000c0000000,0x00000000d21d1870,0x00000000d2e00000)
 Metaspace       used 109563K, committed 111040K, reserved 1179648K
  class space    used 10850K, committed 11456K, reserved 1048576K
}
Event: 4761.932 GC heap after
{Heap after GC invocations=7380 (full 134):
 PSYoungGen      total 11264K, used 4736K [0x00000000eab00000, 0x00000000ebc00000, 0x0000000100000000)
  eden space 6144K, 0% used [0x00000000eab00000,0x00000000eab00000,0x00000000eb100000)
  from space 5120K, 92% used [0x00000000eb100000,0x00000000eb5a0000,0x00000000eb600000)
  to   space 5120K, 0% used [0x00000000eb700000,0x00000000eb700000,0x00000000ebc00000)
 ParOldGen       total 309248K, used 301374K [0x00000000c0000000, 0x00000000d2e00000, 0x00000000eab00000)
  object space 309248K, 97% used [0x00000000c0000000,0x00000000d264f870,0x00000000d2e00000)
 Metaspace       used 109563K, committed 111040K, reserved 1179648K
  class space    used 10850K, committed 11456K, reserved 1048576K
}
Event: 4762.017 GC heap before
{Heap before GC invocations=7381 (full 134):
 PSYoungGen      total 11264K, used 10874K [0x00000000eab00000, 0x00000000ebc00000, 0x0000000100000000)
  eden space 6144K, 99% used [0x00000000eab00000,0x00000000eb0fe8d0,0x00000000eb100000)
  from space 5120K, 92% used [0x00000000eb100000,0x00000000eb5a0000,0x00000000eb600000)
  to   space 5120K, 0% used [0x00000000eb700000,0x00000000eb700000,0x00000000ebc00000)
 ParOldGen       total 309248K, used 301374K [0x00000000c0000000, 0x00000000d2e00000, 0x00000000eab00000)
  object space 309248K, 97% used [0x00000000c0000000,0x00000000d264f870,0x00000000d2e00000)
 Metaspace       used 109563K, committed 111040K, reserved 1179648K
  class space    used 10850K, committed 11456K, reserved 1048576K
}
Event: 4762.026 GC heap after
{Heap after GC invocations=7381 (full 134):
 PSYoungGen      total 7680K, used 5098K [0x00000000eab00000, 0x00000000ec580000, 0x0000000100000000)
  eden space 2560K, 0% used [0x00000000eab00000,0x00000000eab00000,0x00000000ead80000)
  from space 5120K, 99% used [0x00000000eb700000,0x00000000ebbfaa20,0x00000000ebc00000)
  to   space 9728K, 0% used [0x00000000ead80000,0x00000000ead80000,0x00000000eb700000)
 ParOldGen       total 309248K, used 305246K [0x00000000c0000000, 0x00000000d2e00000, 0x00000000eab00000)
  object space 309248K, 98% used [0x00000000c0000000,0x00000000d2a17870,0x00000000d2e00000)
 Metaspace       used 109563K, committed 111040K, reserved 1179648K
  class space    used 10850K, committed 11456K, reserved 1048576K
}
Event: 4762.026 GC heap before
{Heap before GC invocations=7382 (full 135):
 PSYoungGen      total 7680K, used 5098K [0x00000000eab00000, 0x00000000ec580000, 0x0000000100000000)
  eden space 2560K, 0% used [0x00000000eab00000,0x00000000eab00000,0x00000000ead80000)
  from space 5120K, 99% used [0x00000000eb700000,0x00000000ebbfaa20,0x00000000ebc00000)
  to   space 9728K, 0% used [0x00000000ead80000,0x00000000ead80000,0x00000000eb700000)
 ParOldGen       total 309248K, used 305246K [0x00000000c0000000, 0x00000000d2e00000, 0x00000000eab00000)
  object space 309248K, 98% used [0x00000000c0000000,0x00000000d2a17870,0x00000000d2e00000)
 Metaspace       used 109563K, committed 111040K, reserved 1179648K
  class space    used 10850K, committed 11456K, reserved 1048576K
}

